<?xml version="1.0" encoding="UTF-8"?>
<!-- Generated by org.testng.reporters.JUnitXMLReporter -->
<testsuite ignored="0" hostname="Hariss-MacBook-Pro.local" failures="1" tests="2" name="first selenium login test with id" time="33.242" errors="0" timestamp="22 Mar 2018 20:24:08 GMT">
  <testcase classname="extendReports.seleniumLoginTutorialScreenshot" name="testLogin" time="9.143">
    <failure type="java.lang.AssertionError" message="expected [true] but found [false]">
      <![CDATA[java.lang.AssertionError: expected [true] but found [false]
	at extendReports.seleniumLoginTutorialScreenshot.testLogin(seleniumLoginTutorialScreenshot.java:67)
... Removed 28 stack frames]]>
    </failure>
  </testcase> <!-- testLogin -->
  <testcase classname="extendReports.seleniumLoginTutorial" name="testLogin" time="8.049"/>
</testsuite> <!-- first selenium login test with id -->
